{"/Users/rickyzhao/Desktop/HackReactor/fec-projectCatwalk/sum.js": {"path":"/Users/rickyzhao/Desktop/HackReactor/fec-projectCatwalk/sum.js","statementMap":{"0":{"start":{"line":3,"column":2},"end":{"line":3,"column":15}},"1":{"start":{"line":5,"column":0},"end":{"line":5,"column":21}}},"fnMap":{"0":{"name":"sum","decl":{"start":{"line":2,"column":9},"end":{"line":2,"column":12}},"loc":{"start":{"line":2,"column":19},"end":{"line":4,"column":1}},"line":2}},"branchMap":{},"s":{"0":1,"1":1},"f":{"0":1},"b":{},"_coverageSchema":"1a1c01bbd47fc00a2c39e90264f33305004495a9","hash":"409a29e2a73ba50e72ad258527cb4a307695938c"}
,"/Users/rickyzhao/Desktop/HackReactor/fec-projectCatwalk/client/src/app.jsx": {"path":"/Users/rickyzhao/Desktop/HackReactor/fec-projectCatwalk/client/src/app.jsx","statementMap":{"0":{"start":{"line":7,"column":4},"end":{"line":7,"column":17}},"1":{"start":{"line":8,"column":4},"end":{"line":10,"column":5}},"2":{"start":{"line":11,"column":4},"end":{"line":11,"column":53}},"3":{"start":{"line":15,"column":4},"end":{"line":15,"column":23}},"4":{"start":{"line":16,"column":4},"end":{"line":18,"column":7}},"5":{"start":{"line":22,"column":4},"end":{"line":46,"column":6}}},"fnMap":{"0":{"name":"(anonymous_0)","decl":{"start":{"line":6,"column":2},"end":{"line":6,"column":3}},"loc":{"start":{"line":6,"column":21},"end":{"line":12,"column":3}},"line":6},"1":{"name":"(anonymous_1)","decl":{"start":{"line":14,"column":2},"end":{"line":14,"column":3}},"loc":{"start":{"line":14,"column":18},"end":{"line":19,"column":3}},"line":14},"2":{"name":"(anonymous_2)","decl":{"start":{"line":21,"column":2},"end":{"line":21,"column":3}},"loc":{"start":{"line":21,"column":11},"end":{"line":47,"column":3}},"line":21}},"branchMap":{"0":{"loc":{"start":{"line":30,"column":10},"end":{"line":34,"column":16}},"type":"binary-expr","locations":[{"start":{"line":30,"column":10},"end":{"line":30,"column":38}},{"start":{"line":31,"column":10},"end":{"line":34,"column":16}}],"line":30},"1":{"loc":{"start":{"line":36,"column":10},"end":{"line":37,"column":49}},"type":"binary-expr","locations":[{"start":{"line":36,"column":10},"end":{"line":36,"column":38}},{"start":{"line":37,"column":10},"end":{"line":37,"column":49}}],"line":36},"2":{"loc":{"start":{"line":39,"column":10},"end":{"line":40,"column":53}},"type":"binary-expr","locations":[{"start":{"line":39,"column":10},"end":{"line":39,"column":38}},{"start":{"line":40,"column":10},"end":{"line":40,"column":53}}],"line":39},"3":{"loc":{"start":{"line":42,"column":10},"end":{"line":43,"column":52}},"type":"binary-expr","locations":[{"start":{"line":42,"column":10},"end":{"line":42,"column":38}},{"start":{"line":43,"column":10},"end":{"line":43,"column":52}}],"line":42}},"s":{"0":1,"1":1,"2":1,"3":4,"4":4,"5":5},"f":{"0":1,"1":4,"2":5},"b":{"0":[5,1],"1":[5,1],"2":[5,1],"3":[5,1]},"_coverageSchema":"1a1c01bbd47fc00a2c39e90264f33305004495a9","hash":"947e1b408dfa9d75a25a3be23fdb4237713e2495"}
,"/Users/rickyzhao/Desktop/HackReactor/fec-projectCatwalk/client/src/components/productDetail/productMainView.jsx": {"path":"/Users/rickyzhao/Desktop/HackReactor/fec-projectCatwalk/client/src/components/productDetail/productMainView.jsx","statementMap":{"0":{"start":{"line":10,"column":4},"end":{"line":10,"column":17}},"1":{"start":{"line":14,"column":4},"end":{"line":23,"column":6}}},"fnMap":{"0":{"name":"(anonymous_0)","decl":{"start":{"line":9,"column":2},"end":{"line":9,"column":3}},"loc":{"start":{"line":9,"column":21},"end":{"line":11,"column":3}},"line":9},"1":{"name":"(anonymous_1)","decl":{"start":{"line":13,"column":2},"end":{"line":13,"column":3}},"loc":{"start":{"line":13,"column":11},"end":{"line":24,"column":3}},"line":13}},"branchMap":{},"s":{"0":1,"1":1},"f":{"0":1,"1":1},"b":{},"_coverageSchema":"1a1c01bbd47fc00a2c39e90264f33305004495a9","hash":"69783070d7a503b99788e1494ccb718d3bee949e"}
,"/Users/rickyzhao/Desktop/HackReactor/fec-projectCatwalk/client/src/components/productDetail/checkout/checkout.jsx": {"path":"/Users/rickyzhao/Desktop/HackReactor/fec-projectCatwalk/client/src/components/productDetail/checkout/checkout.jsx","statementMap":{"0":{"start":{"line":6,"column":4},"end":{"line":6,"column":17}},"1":{"start":{"line":10,"column":4},"end":{"line":15,"column":6}}},"fnMap":{"0":{"name":"(anonymous_0)","decl":{"start":{"line":5,"column":2},"end":{"line":5,"column":3}},"loc":{"start":{"line":5,"column":21},"end":{"line":7,"column":3}},"line":5},"1":{"name":"(anonymous_1)","decl":{"start":{"line":9,"column":2},"end":{"line":9,"column":3}},"loc":{"start":{"line":9,"column":11},"end":{"line":16,"column":3}},"line":9}},"branchMap":{},"s":{"0":1,"1":1},"f":{"0":1,"1":1},"b":{},"_coverageSchema":"1a1c01bbd47fc00a2c39e90264f33305004495a9","hash":"9cfc5090d1651355c38f7b528be2f8d20df529ae"}
,"/Users/rickyzhao/Desktop/HackReactor/fec-projectCatwalk/client/src/components/productDetail/checkout/selectors.jsx": {"path":"/Users/rickyzhao/Desktop/HackReactor/fec-projectCatwalk/client/src/components/productDetail/checkout/selectors.jsx","statementMap":{"0":{"start":{"line":5,"column":4},"end":{"line":5,"column":17}},"1":{"start":{"line":9,"column":4},"end":{"line":14,"column":6}}},"fnMap":{"0":{"name":"(anonymous_0)","decl":{"start":{"line":4,"column":2},"end":{"line":4,"column":3}},"loc":{"start":{"line":4,"column":21},"end":{"line":6,"column":3}},"line":4},"1":{"name":"(anonymous_1)","decl":{"start":{"line":8,"column":2},"end":{"line":8,"column":3}},"loc":{"start":{"line":8,"column":11},"end":{"line":15,"column":3}},"line":8}},"branchMap":{},"s":{"0":1,"1":1},"f":{"0":1,"1":1},"b":{},"_coverageSchema":"1a1c01bbd47fc00a2c39e90264f33305004495a9","hash":"44d8197a2fd1347e0280aa217ca35386848e48a0"}
,"/Users/rickyzhao/Desktop/HackReactor/fec-projectCatwalk/client/src/components/productDetail/customization/styleOption.jsx": {"path":"/Users/rickyzhao/Desktop/HackReactor/fec-projectCatwalk/client/src/components/productDetail/customization/styleOption.jsx","statementMap":{"0":{"start":{"line":5,"column":4},"end":{"line":5,"column":17}},"1":{"start":{"line":9,"column":4},"end":{"line":14,"column":6}}},"fnMap":{"0":{"name":"(anonymous_0)","decl":{"start":{"line":4,"column":2},"end":{"line":4,"column":3}},"loc":{"start":{"line":4,"column":21},"end":{"line":6,"column":3}},"line":4},"1":{"name":"(anonymous_1)","decl":{"start":{"line":8,"column":2},"end":{"line":8,"column":3}},"loc":{"start":{"line":8,"column":11},"end":{"line":15,"column":3}},"line":8}},"branchMap":{},"s":{"0":1,"1":1},"f":{"0":1,"1":1},"b":{},"_coverageSchema":"1a1c01bbd47fc00a2c39e90264f33305004495a9","hash":"98afa6622af3cd35c4ebab673b44dc3e9394e23b"}
,"/Users/rickyzhao/Desktop/HackReactor/fec-projectCatwalk/client/src/components/productDetail/customization/styleSelector.jsx": {"path":"/Users/rickyzhao/Desktop/HackReactor/fec-projectCatwalk/client/src/components/productDetail/customization/styleSelector.jsx","statementMap":{"0":{"start":{"line":6,"column":4},"end":{"line":6,"column":17}},"1":{"start":{"line":10,"column":4},"end":{"line":15,"column":6}}},"fnMap":{"0":{"name":"(anonymous_0)","decl":{"start":{"line":5,"column":2},"end":{"line":5,"column":3}},"loc":{"start":{"line":5,"column":21},"end":{"line":7,"column":3}},"line":5},"1":{"name":"(anonymous_1)","decl":{"start":{"line":9,"column":2},"end":{"line":9,"column":3}},"loc":{"start":{"line":9,"column":11},"end":{"line":16,"column":3}},"line":9}},"branchMap":{},"s":{"0":1,"1":1},"f":{"0":1,"1":1},"b":{},"_coverageSchema":"1a1c01bbd47fc00a2c39e90264f33305004495a9","hash":"8a5a1ccf28c90c752f193583ba6f4b50dfbfeb79"}
,"/Users/rickyzhao/Desktop/HackReactor/fec-projectCatwalk/client/src/components/productDetail/gallery/expandedView.jsx": {"path":"/Users/rickyzhao/Desktop/HackReactor/fec-projectCatwalk/client/src/components/productDetail/gallery/expandedView.jsx","statementMap":{"0":{"start":{"line":5,"column":4},"end":{"line":5,"column":17}},"1":{"start":{"line":9,"column":4},"end":{"line":14,"column":6}}},"fnMap":{"0":{"name":"(anonymous_0)","decl":{"start":{"line":4,"column":2},"end":{"line":4,"column":3}},"loc":{"start":{"line":4,"column":21},"end":{"line":6,"column":3}},"line":4},"1":{"name":"(anonymous_1)","decl":{"start":{"line":8,"column":2},"end":{"line":8,"column":3}},"loc":{"start":{"line":8,"column":11},"end":{"line":15,"column":3}},"line":8}},"branchMap":{},"s":{"0":1,"1":1},"f":{"0":1,"1":1},"b":{},"_coverageSchema":"1a1c01bbd47fc00a2c39e90264f33305004495a9","hash":"60d4ada27f9c8d2f54ef8c6668debc704905da23"}
,"/Users/rickyzhao/Desktop/HackReactor/fec-projectCatwalk/client/src/components/productDetail/gallery/imageGallery.jsx": {"path":"/Users/rickyzhao/Desktop/HackReactor/fec-projectCatwalk/client/src/components/productDetail/gallery/imageGallery.jsx","statementMap":{"0":{"start":{"line":5,"column":4},"end":{"line":5,"column":17}},"1":{"start":{"line":9,"column":4},"end":{"line":14,"column":6}}},"fnMap":{"0":{"name":"(anonymous_0)","decl":{"start":{"line":4,"column":2},"end":{"line":4,"column":3}},"loc":{"start":{"line":4,"column":21},"end":{"line":6,"column":3}},"line":4},"1":{"name":"(anonymous_1)","decl":{"start":{"line":8,"column":2},"end":{"line":8,"column":3}},"loc":{"start":{"line":8,"column":11},"end":{"line":15,"column":3}},"line":8}},"branchMap":{},"s":{"0":1,"1":1},"f":{"0":1,"1":1},"b":{},"_coverageSchema":"1a1c01bbd47fc00a2c39e90264f33305004495a9","hash":"423f818b55833f0445227db6dfd362c526add51c"}
,"/Users/rickyzhao/Desktop/HackReactor/fec-projectCatwalk/client/src/components/productDetail/gallery/primaryImageView.jsx": {"path":"/Users/rickyzhao/Desktop/HackReactor/fec-projectCatwalk/client/src/components/productDetail/gallery/primaryImageView.jsx","statementMap":{"0":{"start":{"line":5,"column":4},"end":{"line":5,"column":17}},"1":{"start":{"line":9,"column":4},"end":{"line":14,"column":6}}},"fnMap":{"0":{"name":"(anonymous_0)","decl":{"start":{"line":4,"column":2},"end":{"line":4,"column":3}},"loc":{"start":{"line":4,"column":21},"end":{"line":6,"column":3}},"line":4},"1":{"name":"(anonymous_1)","decl":{"start":{"line":8,"column":2},"end":{"line":8,"column":3}},"loc":{"start":{"line":8,"column":11},"end":{"line":15,"column":3}},"line":8}},"branchMap":{},"s":{"0":1,"1":1},"f":{"0":1,"1":1},"b":{},"_coverageSchema":"1a1c01bbd47fc00a2c39e90264f33305004495a9","hash":"606920ae109c0fa0093dd9095b8cba5e5d5a52a1"}
,"/Users/rickyzhao/Desktop/HackReactor/fec-projectCatwalk/client/src/components/productDetail/gallery/productShowcase.jsx": {"path":"/Users/rickyzhao/Desktop/HackReactor/fec-projectCatwalk/client/src/components/productDetail/gallery/productShowcase.jsx","statementMap":{"0":{"start":{"line":7,"column":4},"end":{"line":7,"column":17}},"1":{"start":{"line":11,"column":4},"end":{"line":17,"column":6}}},"fnMap":{"0":{"name":"(anonymous_0)","decl":{"start":{"line":6,"column":2},"end":{"line":6,"column":3}},"loc":{"start":{"line":6,"column":21},"end":{"line":8,"column":3}},"line":6},"1":{"name":"(anonymous_1)","decl":{"start":{"line":10,"column":2},"end":{"line":10,"column":3}},"loc":{"start":{"line":10,"column":11},"end":{"line":18,"column":3}},"line":10}},"branchMap":{},"s":{"0":1,"1":1},"f":{"0":1,"1":1},"b":{},"_coverageSchema":"1a1c01bbd47fc00a2c39e90264f33305004495a9","hash":"6ecbeab2bd2ace827636c16ce3a14454a9d0976f"}
,"/Users/rickyzhao/Desktop/HackReactor/fec-projectCatwalk/client/src/components/productDetail/information/productDescription.jsx": {"path":"/Users/rickyzhao/Desktop/HackReactor/fec-projectCatwalk/client/src/components/productDetail/information/productDescription.jsx","statementMap":{"0":{"start":{"line":5,"column":4},"end":{"line":5,"column":17}},"1":{"start":{"line":9,"column":4},"end":{"line":14,"column":6}}},"fnMap":{"0":{"name":"(anonymous_0)","decl":{"start":{"line":4,"column":2},"end":{"line":4,"column":3}},"loc":{"start":{"line":4,"column":21},"end":{"line":6,"column":3}},"line":4},"1":{"name":"(anonymous_1)","decl":{"start":{"line":8,"column":2},"end":{"line":8,"column":3}},"loc":{"start":{"line":8,"column":11},"end":{"line":15,"column":3}},"line":8}},"branchMap":{},"s":{"0":1,"1":1},"f":{"0":1,"1":1},"b":{},"_coverageSchema":"1a1c01bbd47fc00a2c39e90264f33305004495a9","hash":"6137923a2cb620e5189a8eb5ff3f4251f75c0b5c"}
,"/Users/rickyzhao/Desktop/HackReactor/fec-projectCatwalk/client/src/components/productDetail/information/productInfo.jsx": {"path":"/Users/rickyzhao/Desktop/HackReactor/fec-projectCatwalk/client/src/components/productDetail/information/productInfo.jsx","statementMap":{"0":{"start":{"line":5,"column":4},"end":{"line":5,"column":17}},"1":{"start":{"line":9,"column":4},"end":{"line":14,"column":6}}},"fnMap":{"0":{"name":"(anonymous_0)","decl":{"start":{"line":4,"column":2},"end":{"line":4,"column":3}},"loc":{"start":{"line":4,"column":21},"end":{"line":6,"column":3}},"line":4},"1":{"name":"(anonymous_1)","decl":{"start":{"line":8,"column":2},"end":{"line":8,"column":3}},"loc":{"start":{"line":8,"column":11},"end":{"line":15,"column":3}},"line":8}},"branchMap":{},"s":{"0":1,"1":1},"f":{"0":1,"1":1},"b":{},"_coverageSchema":"1a1c01bbd47fc00a2c39e90264f33305004495a9","hash":"7f107a92e649b2cc272962e55163fa6866b09eb2"}
}
